info: tx http://localhost:5645/compute 
info: tx http://localhost:5645/compute {
    "name": "ciccio"
}
info: tx http://localhost:5645/compute 
info: tx http://localhost:5645/compute 
info: tx http://localhost:5645/compute 
info: tx https://api.scaleway.com/instance/v1/zones/fr-par-1/ips 
info: tx https://api.scaleway.com/instance/v1/zones/fr-par-1/images 
info: tx https://api.scaleway.com/instance/v1/zones/fr-par-1/images 
info: tx https://api.scaleway.com/instance/v1/zones/fr-par-1/ips 
info: tx https://api.scaleway.com/instance/v1/zones/fr-par-1/images 
info: tx https://api.scaleway.com/instance/v1/zones/fr-par-1/images 
info: tx https://api.scaleway.com/instance/v1/zones/fr-par-1/ips 
info: tx https://api.scaleway.com/instance/v1/zones/fr-par-1/bootscripts 
info: tx https://api.scaleway.com/instance/v1/zones/fr-par-1/images 
info: tx https://api.scaleway.com/instance/v1/zones/fr-par-1/volumes 
info: tx https://api.scaleway.com/instance/v1/zones/fr-par-1/servers 
info: tx https://api.scaleway.com/instance/v1/zones/fr-par-1/ips 
info: tx https://api.scaleway.com/instance/v1/zones/fr-par-1/images 
info: tx https://api.scaleway.com/instance/v1/zones/fr-par-1/volumes 
info: tx https://api.scaleway.com/instance/v1/zones/fr-par-1/servers 
info: tx https://api.scaleway.com/instance/v1/zones/fr-par-1/ips 
info: tx https://api.scaleway.com/instance/v1/zones/fr-par-1/volumes 
info: tx https://api.scaleway.com/instance/v1/zones/fr-par-1/servers 
info: tx http://localhost:5645/compute 
info: tx http://localhost:5645/compute {
    "name": "ciccio"
}
info: tx http://localhost:5645/compute 
info: tx http://localhost:5645/compute 
info: tx http://localhost:5645/compute 
info: tx http://localhost:5645/compute 
info: tx http://localhost:5645/compute {
    "name": "ciccio"
}
info: tx https://api.scaleway.com/instance/v1/zones/fr-par-1/ips 
info: tx http://localhost:5645/compute 
info: tx http://localhost:5645/compute 
info: tx http://localhost:5645/compute 
info: tx https://api.scaleway.com/instance/v1/zones/fr-par-1/ips 
info: tx https://api.scaleway.com/instance/v1/zones/fr-par-1/images 
info: tx https://api.scaleway.com/instance/v1/zones/fr-par-1/images 
info: tx https://api.scaleway.com/instance/v1/zones/fr-par-1/images 
info: tx https://api.scaleway.com/instance/v1/zones/fr-par-1/images 
info: tx https://api.scaleway.com/instance/v1/zones/fr-par-1/ips 
info: tx https://api.scaleway.com/instance/v1/zones/fr-par-1/images 
info: tx https://api.scaleway.com/instance/v1/zones/fr-par-1/images 
info: tx https://api.scaleway.com/instance/v1/zones/fr-par-1/ips 
info: tx https://api.scaleway.com/instance/v1/zones/fr-par-1/images 
info: tx https://api.scaleway.com/instance/v1/zones/fr-par-1/images 
info: tx https://api.scaleway.com/instance/v1/zones/fr-par-1/ips 
info: tx https://api.scaleway.com/instance/v1/zones/fr-par-1/bootscripts 
info: tx https://api.scaleway.com/instance/v1/zones/fr-par-1/images 
info: tx https://api.scaleway.com/instance/v1/zones/fr-par-1/volumes 
info: tx https://api.scaleway.com/instance/v1/zones/fr-par-1/servers 
info: tx https://api.scaleway.com/instance/v1/zones/fr-par-1/ips 
info: tx https://api.scaleway.com/instance/v1/zones/fr-par-1/bootscripts 
info: tx https://api.scaleway.com/instance/v1/zones/fr-par-1/images 
info: tx https://api.scaleway.com/instance/v1/zones/fr-par-1/volumes 
info: tx https://api.scaleway.com/instance/v1/zones/fr-par-1/servers 
info: tx https://api.scaleway.com/instance/v1/zones/fr-par-1/ips 
info: tx https://api.scaleway.com/instance/v1/zones/fr-par-1/images 
info: tx https://api.scaleway.com/instance/v1/zones/fr-par-1/volumes 
info: tx https://api.scaleway.com/instance/v1/zones/fr-par-1/servers 
info: tx https://api.scaleway.com/instance/v1/zones/fr-par-1/ips 
info: tx https://api.scaleway.com/instance/v1/zones/fr-par-1/images 
info: tx https://api.scaleway.com/instance/v1/zones/fr-par-1/volumes 
info: tx https://api.scaleway.com/instance/v1/zones/fr-par-1/servers 
info: tx https://api.scaleway.com/instance/v1/zones/fr-par-1/ips 
info: tx https://api.scaleway.com/instance/v1/zones/fr-par-1/volumes 
info: tx https://api.scaleway.com/instance/v1/zones/fr-par-1/servers 
info: tx https://api.scaleway.com/instance/v1/zones/fr-par-1/ips 
info: tx https://api.scaleway.com/instance/v1/zones/fr-par-1/volumes 
info: tx https://api.scaleway.com/instance/v1/zones/fr-par-1/servers 
info: tx http://localhost:5645/compute 
info: tx http://localhost:5645/compute {
    "name": "ciccio"
}
info: tx http://localhost:5645/compute 
info: tx http://localhost:5645/compute 
info: tx http://localhost:5645/compute 
info: tx https://api.scaleway.com/instance/v1/zones/fr-par-1/ips 
info: tx https://api.scaleway.com/instance/v1/zones/fr-par-1/images 
info: tx https://api.scaleway.com/instance/v1/zones/fr-par-1/images 
info: tx https://api.scaleway.com/instance/v1/zones/fr-par-1/ips 
info: tx https://api.scaleway.com/instance/v1/zones/fr-par-1/images 
info: tx https://api.scaleway.com/instance/v1/zones/fr-par-1/images 
info: tx https://api.scaleway.com/instance/v1/zones/fr-par-1/ips 
info: tx https://api.scaleway.com/instance/v1/zones/fr-par-1/bootscripts 
info: tx https://api.scaleway.com/instance/v1/zones/fr-par-1/images 
info: tx https://api.scaleway.com/instance/v1/zones/fr-par-1/volumes 
info: tx https://api.scaleway.com/instance/v1/zones/fr-par-1/servers 
info: tx https://api.scaleway.com/instance/v1/zones/fr-par-1/ips 
info: tx https://api.scaleway.com/instance/v1/zones/fr-par-1/images 
info: tx https://api.scaleway.com/instance/v1/zones/fr-par-1/volumes 
info: tx https://api.scaleway.com/instance/v1/zones/fr-par-1/servers 
info: tx https://api.scaleway.com/instance/v1/zones/fr-par-1/ips 
info: tx https://api.scaleway.com/instance/v1/zones/fr-par-1/volumes 
info: tx https://api.scaleway.com/instance/v1/zones/fr-par-1/servers 
info: tx http://localhost:5645/compute 
info: tx http://localhost:5645/compute {
    "name": "ciccio"
}
info: tx http://localhost:5645/compute 
info: tx http://localhost:5645/compute 
info: tx http://localhost:5645/compute 
info: tx https://api.scaleway.com/instance/v1/zones/fr-par-1/ips 
info: tx https://api.scaleway.com/instance/v1/zones/fr-par-1/images 
info: tx https://api.scaleway.com/instance/v1/zones/fr-par-1/images 
info: tx https://api.scaleway.com/instance/v1/zones/fr-par-1/ips 
info: tx https://api.scaleway.com/instance/v1/zones/fr-par-1/images 
info: tx https://api.scaleway.com/instance/v1/zones/fr-par-1/images 
info: tx https://api.scaleway.com/instance/v1/zones/fr-par-1/ips 
info: tx https://api.scaleway.com/instance/v1/zones/fr-par-1/bootscripts 
info: tx https://api.scaleway.com/instance/v1/zones/fr-par-1/images 
info: tx https://api.scaleway.com/instance/v1/zones/fr-par-1/volumes 
info: tx https://api.scaleway.com/instance/v1/zones/fr-par-1/servers 
info: tx https://api.scaleway.com/instance/v1/zones/fr-par-1/ips 
info: tx https://api.scaleway.com/instance/v1/zones/fr-par-1/images 
info: tx https://api.scaleway.com/instance/v1/zones/fr-par-1/volumes 
info: tx https://api.scaleway.com/instance/v1/zones/fr-par-1/servers 
info: tx https://api.scaleway.com/instance/v1/zones/fr-par-1/ips 
info: tx https://api.scaleway.com/instance/v1/zones/fr-par-1/volumes 
info: tx https://api.scaleway.com/instance/v1/zones/fr-par-1/servers 
